<?xml version="1.0" encoding="UTF-8"?>
<!-- Generated by org.testng.reporters.JUnitReportReporter -->
<testsuite skipped="0" hostname="Ray" name="testScripts.ScriptHome" tests="1" failures="0" timestamp="2021-06-14T19:44:19 IST" time="14.734" errors="0">
  <testcase name="TC_01_PositiveScenario" time="14.734" classname="testScripts.ScriptHome"/>
  <system-out/>
</testsuite> <!-- testScripts.ScriptHome -->
