<?xml version="1.0" encoding="UTF-8"?>
<!-- Generated by org.testng.reporters.JUnitReportReporter -->
<testsuite skipped="0" hostname="Ray" name="testScripts.apitests.Tests" tests="4" failures="0" timestamp="2021-06-16T17:42:49 IST" time="8.784" errors="0">
  <testcase name="TC_01_getItems" time="4.911" classname="testScripts.apitests.Tests"/>
  <system-out/>
  <testcase name="TC_02_AddNewBook" time="1.215" classname="testScripts.apitests.Tests"/>
  <system-out/>
  <testcase name="TC_03_AddNewBook" time="0.676" classname="testScripts.apitests.Tests"/>
  <system-out/>
  <testcase name="TC_04_DeleteNewBook" time="1.982" classname="testScripts.apitests.Tests"/>
  <system-out/>
</testsuite> <!-- testScripts.apitests.Tests -->
