<?xml version="1.0" encoding="UTF-8"?>
<!-- Generated by org.testng.reporters.JUnitReportReporter -->
<testsuite skipped="0" hostname="Ray" name="testScripts.ui.ScriptHome" tests="7" failures="0" timestamp="2021-06-16T17:45:29 IST" time="139.957" errors="0">
  <testcase name="TC_01_PositiveScenario" time="18.360" classname="testScripts.ui.ScriptHome"/>
  <system-out/>
  <testcase name="TC_02_VerifyTitle" time="7.539" classname="testScripts.ui.ScriptHome"/>
  <system-out/>
  <testcase name="TC_04_VerifyVersion" time="30.038" classname="testScripts.ui.ScriptHome"/>
  <system-out/>
  <testcase name="TC_06_VerifyVersionwithLink" time="17.712" classname="testScripts.ui.ScriptHome"/>
  <system-out/>
  <testcase name="TC_03_DeleteALL" time="14.273" classname="testScripts.ui.ScriptHome"/>
  <system-out/>
  <testcase name="brokenlinkValidation" time="21.113" classname="testScripts.ui.ScriptHome"/>
  <system-out/>
  <testcase name="TC_05_EditItem" time="30.922" classname="testScripts.ui.ScriptHome"/>
  <system-out/>
</testsuite> <!-- testScripts.ui.ScriptHome -->
